This file contains any messages produced by compilers while
running configure, to aid debugging if configure makes a mistake.

It was created by configure, which was
generated by GNU Autoconf 2.57.  Invocation command line was

  $ ./configure 

## --------- ##
## Platform. ##
## --------- ##

hostname = matrix
uname -m = i586
uname -r = 2.4.22-ow1
uname -s = Linux
uname -v = #1 SMP Dom Set 14 15:07:08 BRT 2003

/usr/bin/uname -p = unknown
/bin/uname -X     = unknown

/bin/arch              = i586
/usr/bin/arch -k       = unknown
/usr/convex/getsysinfo = unknown
hostinfo               = unknown
/bin/machine           = unknown
/usr/bin/oslevel       = unknown
/bin/universe          = unknown

PATH: /usr/local/bin
PATH: /usr/bin
PATH: /bin
PATH: /usr/X11R6/bin
PATH: /usr/games
PATH: /opt/kde/bin
PATH: /usr/lib/qt-3.1.2/bin
PATH: /usr/share/texmf/bin
PATH: .


## ----------- ##
## Core tests. ##
## ----------- ##

configure:1476: checking for a BSD-compatible install
configure:1530: result: /usr/bin/ginstall -c
configure:1541: checking whether build environment is sane
configure:1584: result: yes
configure:1617: checking for gawk
configure:1633: found /usr/bin/gawk
configure:1643: result: gawk
configure:1653: checking whether make sets $(MAKE)
configure:1673: result: yes
configure:1851: checking for style of include used by make
configure:1879: result: GNU
configure:1950: checking for gcc
configure:1966: found /usr/bin/gcc
configure:1976: result: gcc
configure:2220: checking for C compiler version
configure:2223: gcc --version </dev/null >&5
gcc (GCC) 3.2.2
Copyright (C) 2002 Free Software Foundation, Inc.
This is free software; see the source for copying conditions.  There is NO
warranty; not even for MERCHANTABILITY or FITNESS FOR A PARTICULAR PURPOSE.

configure:2226: $? = 0
configure:2228: gcc -v </dev/null >&5
Reading specs from /usr/lib/gcc-lib/i386-slackware-linux/3.2.2/specs
Configured with: ../gcc-3.2.2/configure --prefix=/usr --enable-shared --enable-threads=posix --enable-__cxa_atexit --disable-checking --with-gnu-ld --verbose --target=i386-slackware-linux --host=i386-slackware-linux
Thread model: posix
gcc version 3.2.2
configure:2231: $? = 0
configure:2233: gcc -V </dev/null >&5
gcc: argument to `-V' is missing
configure:2236: $? = 1
configure:2260: checking for C compiler default output
configure:2263: gcc    conftest.c  >&5
configure:2266: $? = 0
configure:2312: result: a.out
configure:2317: checking whether the C compiler works
configure:2323: ./a.out
configure:2326: $? = 0
configure:2343: result: yes
configure:2350: checking whether we are cross compiling
configure:2352: result: no
configure:2355: checking for suffix of executables
configure:2357: gcc -o conftest    conftest.c  >&5
configure:2360: $? = 0
configure:2385: result: 
configure:2391: checking for suffix of object files
configure:2413: gcc -c   conftest.c >&5
configure:2416: $? = 0
configure:2438: result: o
configure:2442: checking whether we are using the GNU C compiler
configure:2467: gcc -c   conftest.c >&5
configure:2470: $? = 0
configure:2473: test -s conftest.o
configure:2476: $? = 0
configure:2489: result: yes
configure:2495: checking whether gcc accepts -g
configure:2517: gcc -c -g  conftest.c >&5
configure:2520: $? = 0
configure:2523: test -s conftest.o
configure:2526: $? = 0
configure:2537: result: yes
configure:2554: checking for gcc option to accept ANSI C
configure:2615: gcc  -c -g -O2  conftest.c >&5
configure:2618: $? = 0
configure:2621: test -s conftest.o
configure:2624: $? = 0
configure:2642: result: none needed
configure:2660: gcc -c -g -O2  conftest.c >&5
conftest.c:2: parse error before "me"
configure:2663: $? = 1
configure: failed program was:
| #ifndef __cplusplus
|   choke me
| #endif
configure:2774: checking dependency style of gcc
configure:2842: result: gcc3
configure:2861: checking for strerror in -lcposix
configure:2892: gcc -o conftest -g -O2   conftest.c -lcposix   >&5
/usr/lib/gcc-lib/i386-slackware-linux/3.2.2/../../../../i386-slackware-linux/bin/ld: cannot find -lcposix
collect2: ld returned 1 exit status
configure:2895: $? = 1
configure: failed program was:
| #line 2868 "configure"
| /* confdefs.h.  */
| 
| #define PACKAGE_NAME ""
| #define PACKAGE_TARNAME ""
| #define PACKAGE_VERSION ""
| #define PACKAGE_STRING ""
| #define PACKAGE_BUGREPORT ""
| #define PACKAGE "jfind"
| #define VERSION "0.1"
| /* end confdefs.h.  */
| 
| /* Override any gcc2 internal prototype to avoid an error.  */
| #ifdef __cplusplus
| extern "C"
| #endif
| /* We use char because int might match the return type of a gcc2
|    builtin and then its argument prototype would still apply.  */
| char strerror ();
| int
| main ()
| {
| strerror ();
|   ;
|   return 0;
| }
configure:2913: result: no
configure:2967: checking for gcc
configure:2993: result: gcc
configure:3237: checking for C compiler version
configure:3240: gcc --version </dev/null >&5
gcc (GCC) 3.2.2
Copyright (C) 2002 Free Software Foundation, Inc.
This is free software; see the source for copying conditions.  There is NO
warranty; not even for MERCHANTABILITY or FITNESS FOR A PARTICULAR PURPOSE.

configure:3243: $? = 0
configure:3245: gcc -v </dev/null >&5
Reading specs from /usr/lib/gcc-lib/i386-slackware-linux/3.2.2/specs
Configured with: ../gcc-3.2.2/configure --prefix=/usr --enable-shared --enable-threads=posix --enable-__cxa_atexit --disable-checking --with-gnu-ld --verbose --target=i386-slackware-linux --host=i386-slackware-linux
Thread model: posix
gcc version 3.2.2
configure:3248: $? = 0
configure:3250: gcc -V </dev/null >&5
gcc: argument to `-V' is missing
configure:3253: $? = 1
configure:3256: checking whether we are using the GNU C compiler
configure:3303: result: yes
configure:3309: checking whether gcc accepts -g
configure:3351: result: yes
configure:3368: checking for gcc option to accept ANSI C
configure:3456: result: none needed
configure:3474: gcc -c -g -O2  conftest.c >&5
conftest.c:2: parse error before "me"
configure:3477: $? = 1
configure: failed program was:
| #ifndef __cplusplus
|   choke me
| #endif
configure:3588: checking dependency style of gcc
configure:3656: result: gcc3
configure:3676: checking for gcc option to accept ANSI C
configure:3740: gcc  -c -g -O2  conftest.c >&5
configure:3743: $? = 0
configure:3746: test -s conftest.o
configure:3749: $? = 0
configure:3764: result: none needed
configure:3780: checking how to run the C preprocessor
configure:3816: gcc -E  conftest.c
configure:3822: $? = 0
configure:3854: gcc -E  conftest.c
configure:3855:28: ac_nonexistent.h: No such file or directory
configure:3860: $? = 1
configure: failed program was:
| #line 3845 "configure"
| /* confdefs.h.  */
| 
| #define PACKAGE_NAME ""
| #define PACKAGE_TARNAME ""
| #define PACKAGE_VERSION ""
| #define PACKAGE_STRING ""
| #define PACKAGE_BUGREPORT ""
| #define PACKAGE "jfind"
| #define VERSION "0.1"
| /* end confdefs.h.  */
| #include <ac_nonexistent.h>
configure:3898: result: gcc -E
configure:3923: gcc -E  conftest.c
configure:3929: $? = 0
configure:3961: gcc -E  conftest.c
configure:3962:28: ac_nonexistent.h: No such file or directory
configure:3967: $? = 1
configure: failed program was:
| #line 3952 "configure"
| /* confdefs.h.  */
| 
| #define PACKAGE_NAME ""
| #define PACKAGE_TARNAME ""
| #define PACKAGE_VERSION ""
| #define PACKAGE_STRING ""
| #define PACKAGE_BUGREPORT ""
| #define PACKAGE "jfind"
| #define VERSION "0.1"
| /* end confdefs.h.  */
| #include <ac_nonexistent.h>
configure:4010: checking for egrep
configure:4020: result: grep -E
configure:4025: checking for ANSI C header files
configure:4051: gcc -c -g -O2  conftest.c >&5
configure:4054: $? = 0
configure:4057: test -s conftest.o
configure:4060: $? = 0
configure:4149: gcc -o conftest -g -O2   conftest.c  >&5
configure:4152: $? = 0
configure:4154: ./conftest
configure:4157: $? = 0
configure:4172: result: yes
configure:4254: checking build system type
configure:4272: result: i586-pc-linux-gnu
configure:4280: checking host system type
configure:4294: result: i586-pc-linux-gnu
configure:4324: checking for ld used by GCC
configure:4387: result: /usr/i386-slackware-linux/bin/ld
configure:4396: checking if the linker (/usr/i386-slackware-linux/bin/ld) is GNU ld
GNU ld version 2.13.90.0.18 20030121
configure:4408: result: yes
configure:4413: checking for /usr/i386-slackware-linux/bin/ld option to reload object files
configure:4420: result: -r
configure:4425: checking for BSD-compatible nm
configure:4461: result: /usr/bin/nm -B
configure:4464: checking for a sed that does not truncate output
configure:4546: result: /usr/bin/sed
configure:4549: checking whether ln -s works
configure:4553: result: yes
configure:4560: checking how to recognise dependent libraries
configure:4741: result: pass_all
configure:4753: checking command to parse /usr/bin/nm -B output
configure:4837: gcc -c -g -O2  conftest.c >&5
configure:4840: $? = 0
configure:4844: /usr/bin/nm -B conftest.o \| sed -n -e 's/^.*[ 	]\([ABCDGISTW][ABCDGISTW]*\)[ 	][ 	]*\(\)\([_A-Za-z][_A-Za-z0-9]*\)$/\1 \2\3 \3/p' \> conftest.nm
configure:4847: $? = 0
configure:4899: gcc -o conftest -g -O2   conftest.c conftstm.o >&5
configure:4902: $? = 0
configure:4946: result: ok
configure:4964: checking for sys/types.h
configure:4981: gcc -c -g -O2  conftest.c >&5
configure:4984: $? = 0
configure:4987: test -s conftest.o
configure:4990: $? = 0
configure:5001: result: yes
configure:4964: checking for sys/stat.h
configure:4981: gcc -c -g -O2  conftest.c >&5
configure:4984: $? = 0
configure:4987: test -s conftest.o
configure:4990: $? = 0
configure:5001: result: yes
configure:4964: checking for stdlib.h
configure:4981: gcc -c -g -O2  conftest.c >&5
configure:4984: $? = 0
configure:4987: test -s conftest.o
configure:4990: $? = 0
configure:5001: result: yes
configure:4964: checking for string.h
configure:4981: gcc -c -g -O2  conftest.c >&5
configure:4984: $? = 0
configure:4987: test -s conftest.o
configure:4990: $? = 0
configure:5001: result: yes
configure:4964: checking for memory.h
configure:4981: gcc -c -g -O2  conftest.c >&5
configure:4984: $? = 0
configure:4987: test -s conftest.o
configure:4990: $? = 0
configure:5001: result: yes
configure:4964: checking for strings.h
configure:4981: gcc -c -g -O2  conftest.c >&5
configure:4984: $? = 0
configure:4987: test -s conftest.o
configure:4990: $? = 0
configure:5001: result: yes
configure:4964: checking for inttypes.h
configure:4981: gcc -c -g -O2  conftest.c >&5
configure:4984: $? = 0
configure:4987: test -s conftest.o
configure:4990: $? = 0
configure:5001: result: yes
configure:4964: checking for stdint.h
configure:4981: gcc -c -g -O2  conftest.c >&5
configure:4984: $? = 0
configure:4987: test -s conftest.o
configure:4990: $? = 0
configure:5001: result: yes
configure:4964: checking for unistd.h
configure:4981: gcc -c -g -O2  conftest.c >&5
configure:4984: $? = 0
configure:4987: test -s conftest.o
configure:4990: $? = 0
configure:5001: result: yes
configure:5027: checking dlfcn.h usability
configure:5040: gcc -c -g -O2  conftest.c >&5
configure:5043: $? = 0
configure:5046: test -s conftest.o
configure:5049: $? = 0
configure:5059: result: yes
configure:5063: checking dlfcn.h presence
configure:5074: gcc -E  conftest.c
configure:5080: $? = 0
configure:5099: result: yes
configure:5135: checking for dlfcn.h
configure:5142: result: yes
configure:5340: checking for ranlib
configure:5356: found /usr/bin/ranlib
configure:5367: result: ranlib
configure:5420: checking for strip
configure:5436: found /usr/bin/strip
configure:5447: result: strip
configure:5657: checking for objdir
configure:5668: result: .libs
configure:5685: checking for gcc option to produce PIC
configure:5831: result: -fPIC
configure:5835: checking if gcc PIC flag -fPIC works
configure:5859: gcc -c -g -O2 -fPIC -DPIC  conftest.c >&5
configure:5862: $? = 0
configure:5865: test -s conftest.o
configure:5868: $? = 0
configure:5906: result: yes
configure:5922: checking if gcc static flag -static works
configure:5947: gcc -o conftest -g -O2   -static conftest.c  >&5
configure:5950: $? = 0
configure:5953: test -s conftest
configure:5956: $? = 0
configure:5972: result: yes
configure:5984: checking if gcc supports -c -o file.o
configure:6007: gcc -c -g -O2 -o out/conftest2.o  conftest.c >&5
configure:6028: result: yes
configure:6033: checking if gcc supports -c -o file.lo
configure:6061: gcc -c -g -O2 -c -o conftest.lo  conftest.c >&5
configure:6064: $? = 0
configure:6067: test -s conftest.lo
configure:6070: $? = 0
configure:6092: result: yes
configure:6123: checking if gcc supports -fno-rtti -fno-exceptions
configure:6146: gcc -c -g -O2 -fno-rtti -fno-exceptions -c conftest.c  conftest.c >&5
configure:6149: $? = 0
configure:6152: test -s conftest.o
configure:6155: $? = 0
configure:6172: result: yes
configure:6183: checking whether the linker (/usr/i386-slackware-linux/bin/ld) supports shared libraries
configure:6878: result: yes
configure:6883: checking how to hardcode library paths into programs
configure:6907: result: immediate
configure:6912: checking whether stripping libraries is possible
configure:6917: result: yes
configure:6928: checking dynamic linker characteristics
configure:7335: result: GNU/Linux ld.so
configure:7340: checking if libtool supports shared libraries
configure:7342: result: yes
configure:7345: checking whether to build shared libraries
configure:7366: result: yes
configure:7369: checking whether to build static libraries
configure:7373: result: yes
configure:8047: checking whether -lc should be explicitly linked in
configure:8055: gcc -c -g -O2  conftest.c >&5
configure:8058: $? = 0
configure:8072: gcc -shared conftest.o  -v -Wl,-soname -Wl,conftest -o conftest 2\>\&1 \| grep  -lc  \>/dev/null 2\>\&1
configure:8075: $? = 0
configure:8088: result: no
configure:8845: creating ./config.status

## ---------------------- ##
## Running config.status. ##
## ---------------------- ##

This file was extended by config.status, which was
generated by GNU Autoconf 2.57.  Invocation command line was

  CONFIG_FILES    = 
  CONFIG_HEADERS  = 
  CONFIG_LINKS    = 
  CONFIG_COMMANDS = 
  $ ./config.status 

on matrix

config.status:676: creating Makefile
config.status:676: creating src/Makefile
config.status:780: creating config.h
config.status:899: config.h is unchanged
config.status:1021: executing depfiles commands

## ---------------- ##
## Cache variables. ##
## ---------------- ##

ac_cv_build=i586-pc-linux-gnu
ac_cv_build_alias=i586-pc-linux-gnu
ac_cv_c_compiler_gnu=yes
ac_cv_env_CC_set=
ac_cv_env_CC_value=
ac_cv_env_CFLAGS_set=
ac_cv_env_CFLAGS_value=
ac_cv_env_CPPFLAGS_set=
ac_cv_env_CPPFLAGS_value=
ac_cv_env_CPP_set=
ac_cv_env_CPP_value=
ac_cv_env_LDFLAGS_set=
ac_cv_env_LDFLAGS_value=
ac_cv_env_build_alias_set=
ac_cv_env_build_alias_value=
ac_cv_env_host_alias_set=
ac_cv_env_host_alias_value=
ac_cv_env_target_alias_set=
ac_cv_env_target_alias_value=
ac_cv_exeext=
ac_cv_header_dlfcn_h=yes
ac_cv_header_inttypes_h=yes
ac_cv_header_memory_h=yes
ac_cv_header_stdc=yes
ac_cv_header_stdint_h=yes
ac_cv_header_stdlib_h=yes
ac_cv_header_string_h=yes
ac_cv_header_strings_h=yes
ac_cv_header_sys_stat_h=yes
ac_cv_header_sys_types_h=yes
ac_cv_header_unistd_h=yes
ac_cv_host=i586-pc-linux-gnu
ac_cv_host_alias=i586-pc-linux-gnu
ac_cv_lib_cposix_strerror=no
ac_cv_objext=o
ac_cv_path_install='/usr/bin/ginstall -c'
ac_cv_prog_AWK=gawk
ac_cv_prog_CPP='gcc -E'
ac_cv_prog_ac_ct_CC=gcc
ac_cv_prog_ac_ct_RANLIB=ranlib
ac_cv_prog_ac_ct_STRIP=strip
ac_cv_prog_cc_g=yes
ac_cv_prog_cc_stdc=
ac_cv_prog_egrep='grep -E'
ac_cv_prog_make_make_set=yes
am_cv_CC_dependencies_compiler_type=gcc3
am_cv_prog_cc_stdc=
lt_cv_archive_cmds_need_lc=no
lt_cv_compiler_c_o=yes
lt_cv_compiler_o_lo=yes
lt_cv_deplibs_check_method=pass_all
lt_cv_file_magic_cmd='$MAGIC_CMD'
lt_cv_file_magic_test_file='/lib/libc.so.6 /lib/libc-2.3.1.so'
lt_cv_global_symbol_to_c_name_address='sed -n -e '\''s/^: \([^ ]*\) $/  {\"\1\", (lt_ptr) 0},/p'\'' -e '\''s/^[BCDEGRST] \([^ ]*\) \([^ ]*\)$/  {"\2", (lt_ptr) \&\2},/p'\'''
lt_cv_global_symbol_to_cdecl='sed -n -e '\''s/^. .* \(.*\)$/extern char \1;/p'\'''
lt_cv_ld_reload_flag=-r
lt_cv_path_LD=/usr/i386-slackware-linux/bin/ld
lt_cv_path_NM='/usr/bin/nm -B'
lt_cv_path_SED=/usr/bin/sed
lt_cv_prog_cc_can_build_shared=yes
lt_cv_prog_cc_no_builtin=
lt_cv_prog_cc_pic=' -fPIC'
lt_cv_prog_cc_pic_works=yes
lt_cv_prog_cc_shlib=
lt_cv_prog_cc_static=-static
lt_cv_prog_cc_static_works=yes
lt_cv_prog_cc_wl=-Wl,
lt_cv_prog_gnu_ld=yes
lt_cv_sys_global_symbol_pipe='sed -n -e '\''s/^.*[ 	]\([ABCDGISTW][ABCDGISTW]*\)[ 	][ 	]*\(\)\([_A-Za-z][_A-Za-z0-9]*\)$/\1 \2\3 \3/p'\'''

## ----------------- ##
## Output variables. ##
## ----------------- ##

ACLOCAL='${SHELL} /home/jarodcybernetus/Projects/jfind/missing --run aclocal-1.7'
AMDEPBACKSLASH='\'
AMDEP_FALSE='#'
AMDEP_TRUE=''
AMTAR='${SHELL} /home/jarodcybernetus/Projects/jfind/missing --run tar'
AUTOCONF='${SHELL} /home/jarodcybernetus/Projects/jfind/missing --run autoconf'
AUTOHEADER='${SHELL} /home/jarodcybernetus/Projects/jfind/missing --run autoheader'
AUTOMAKE='${SHELL} /home/jarodcybernetus/Projects/jfind/missing --run automake-1.7'
AWK='gawk'
CC='gcc'
CCDEPMODE='depmode=gcc3'
CFLAGS='-g -O2'
CPP='gcc -E'
CPPFLAGS=''
CYGPATH_W='echo'
DEFS='-DHAVE_CONFIG_H'
DEPDIR='.deps'
ECHO='echo'
ECHO_C=''
ECHO_N='-n'
ECHO_T=''
EGREP='grep -E'
EXEEXT=''
INSTALL_DATA='${INSTALL} -m 644'
INSTALL_PROGRAM='${INSTALL}'
INSTALL_SCRIPT='${INSTALL}'
INSTALL_STRIP_PROGRAM='${SHELL} $(install_sh) -c -s'
LDFLAGS=''
LIBOBJS=''
LIBS=''
LIBTOOL='$(SHELL) $(top_builddir)/libtool'
LN_S='ln -s'
LTLIBOBJS=''
MAKEINFO='${SHELL} /home/jarodcybernetus/Projects/jfind/missing --run makeinfo'
NO_PREFIX_PACKAGE_DATA_DIR='share/jfind'
NO_PREFIX_PACKAGE_DOC_DIR='doc/jfind'
NO_PREFIX_PACKAGE_HELP_DIR='share/jfind/help'
NO_PREFIX_PACKAGE_MENU_DIR='share/jfind'
NO_PREFIX_PACKAGE_PIXMAPS_DIR='share/jfind/pixmaps'
OBJEXT='o'
PACKAGE='jfind'
PACKAGE_BUGREPORT=''
PACKAGE_DATA_DIR='/usr/local/share/jfind'
PACKAGE_DOC_DIR='/usr/local/doc/jfind'
PACKAGE_HELP_DIR='/usr/local/share/jfind/help'
PACKAGE_MENU_DIR='/usr/local/share/jfind'
PACKAGE_NAME=''
PACKAGE_PIXMAPS_DIR='/usr/local/share/jfind/pixmaps'
PACKAGE_STRING=''
PACKAGE_TARNAME=''
PACKAGE_VERSION=''
PATH_SEPARATOR=':'
RANLIB='ranlib'
SET_MAKE=''
SHELL='/bin/sh'
STRIP='strip'
VERSION='0.1'
ac_ct_CC='gcc'
ac_ct_RANLIB='ranlib'
ac_ct_STRIP='strip'
am__fastdepCC_FALSE='#'
am__fastdepCC_TRUE=''
am__include='include'
am__leading_dot='.'
am__quote=''
bindir='${exec_prefix}/bin'
build='i586-pc-linux-gnu'
build_alias=''
build_cpu='i586'
build_os='linux-gnu'
build_vendor='pc'
datadir='${prefix}/share'
exec_prefix='${prefix}'
host='i586-pc-linux-gnu'
host_alias=''
host_cpu='i586'
host_os='linux-gnu'
host_vendor='pc'
includedir='${prefix}/include'
infodir='${prefix}/info'
install_sh='/home/jarodcybernetus/Projects/jfind/install-sh'
libdir='${exec_prefix}/lib'
libexecdir='${exec_prefix}/libexec'
localstatedir='${prefix}/var'
mandir='${prefix}/man'
oldincludedir='/usr/include'
prefix='/usr/local'
program_transform_name='s,x,x,'
sbindir='${exec_prefix}/sbin'
sharedstatedir='${prefix}/com'
sysconfdir='${prefix}/etc'
target_alias=''

## ----------- ##
## confdefs.h. ##
## ----------- ##

#define HAVE_DLFCN_H 1
#define HAVE_INTTYPES_H 1
#define HAVE_MEMORY_H 1
#define HAVE_STDINT_H 1
#define HAVE_STDLIB_H 1
#define HAVE_STRINGS_H 1
#define HAVE_STRING_H 1
#define HAVE_SYS_STAT_H 1
#define HAVE_SYS_TYPES_H 1
#define HAVE_UNISTD_H 1
#define PACKAGE "jfind"
#define PACKAGE_BUGREPORT ""
#define PACKAGE_DATA_DIR "/usr/local/share/jfind"
#define PACKAGE_DOC_DIR "/usr/local/doc/jfind"
#define PACKAGE_HELP_DIR "/usr/local/share/jfind/help"
#define PACKAGE_MENU_DIR "/usr/local/share/jfind"
#define PACKAGE_NAME ""
#define PACKAGE_PIXMAPS_DIR "/usr/local/share/jfind/pixmaps"
#define PACKAGE_SOURCE_DIR "/home/jarodcybernetus/Projects/jfind"
#define PACKAGE_STRING ""
#define PACKAGE_TARNAME ""
#define PACKAGE_VERSION ""
#define STDC_HEADERS 1
#define VERSION "0.1"

configure: exit 0
